-------------------------------------------------------------------------------
>Log Session: Thursday, September 22, 2016 5:45:41 PM CEST
>System Info: 
  Product Version         = Gephi 0.9.1 201510222201
  Operating System        = Mac OS X version 10.11.6 running on x86_64
  Java; VM; Vendor        = 1.8.0_101; Java HotSpot(TM) 64-Bit Server VM 25.101-b13; Oracle Corporation
  Runtime                 = Java(TM) SE Runtime Environment 1.8.0_101-b13
  Java Home               = /Library/Java/JavaVirtualMachines/jdk1.8.0_101.jdk/Contents/Home/jre
  System Locale; Encoding = de_DE (gephi); UTF-8
  Home Directory          = /Users/kamir
  Current Directory       = /Users/kamir/Documents/github.workspace/ghc/git-modules/gephi-plugins
  User Directory          = /Users/kamir/Documents/github.workspace/ghc/git-modules/gephi-plugins/target/userdir
  Cache Directory         = /Users/kamir/Documents/github.workspace/ghc/git-modules/gephi-plugins/target/userdir/var/cache
  Installation            = /Users/kamir/Documents/github.workspace/ghc/git-modules/gephi-plugins/target/gephi-0.9.1/platform
                            /Users/kamir/Documents/github.workspace/ghc/git-modules/gephi-plugins/target/gephi-0.9.1/gephi
                            /Users/kamir/Documents/github.workspace/ghc/git-modules/gephi-plugins/target/plugins_clusters/plugins
                            /Users/kamir/Documents/github.workspace/ghc/git-modules/gephi-plugins/target/gephi-0.9.1/platform
  Boot & Ext. Classpath   = /Library/Java/JavaVirtualMachines/jdk1.8.0_101.jdk/Contents/Home/jre/lib/resources.jar:/Library/Java/JavaVirtualMachines/jdk1.8.0_101.jdk/Contents/Home/jre/lib/rt.jar:/Library/Java/JavaVirtualMachines/jdk1.8.0_101.jdk/Contents/Home/jre/lib/sunrsasign.jar:/Library/Java/JavaVirtualMachines/jdk1.8.0_101.jdk/Contents/Home/jre/lib/jsse.jar:/Library/Java/JavaVirtualMachines/jdk1.8.0_101.jdk/Contents/Home/jre/lib/jce.jar:/Library/Java/JavaVirtualMachines/jdk1.8.0_101.jdk/Contents/Home/jre/lib/charsets.jar:/Library/Java/JavaVirtualMachines/jdk1.8.0_101.jdk/Contents/Home/jre/lib/jfr.jar:/Library/Java/JavaVirtualMachines/jdk1.8.0_101.jdk/Contents/Home/jre/classes:/Users/kamir/Library/Java/Extensions/clibwrapper_jiio.jar:/Users/kamir/Library/Java/Extensions/jai_codec.jar:/Users/kamir/Library/Java/Extensions/jai_core.jar:/Users/kamir/Library/Java/Extensions/jai_imageio.jar:/Users/kamir/Library/Java/Extensions/mlibwrapper_jai.jar:/Library/Java/JavaVirtualMachines/jdk1.8.0_101.jdk/Contents/Home/jre/lib/ext/cldrdata.jar:/Library/Java/JavaVirtualMachines/jdk1.8.0_101.jdk/Contents/Home/jre/lib/ext/dnsns.jar:/Library/Java/JavaVirtualMachines/jdk1.8.0_101.jdk/Contents/Home/jre/lib/ext/jaccess.jar:/Library/Java/JavaVirtualMachines/jdk1.8.0_101.jdk/Contents/Home/jre/lib/ext/jfxrt.jar:/Library/Java/JavaVirtualMachines/jdk1.8.0_101.jdk/Contents/Home/jre/lib/ext/localedata.jar:/Library/Java/JavaVirtualMachines/jdk1.8.0_101.jdk/Contents/Home/jre/lib/ext/nashorn.jar:/Library/Java/JavaVirtualMachines/jdk1.8.0_101.jdk/Contents/Home/jre/lib/ext/sunec.jar:/Library/Java/JavaVirtualMachines/jdk1.8.0_101.jdk/Contents/Home/jre/lib/ext/sunjce_provider.jar:/Library/Java/JavaVirtualMachines/jdk1.8.0_101.jdk/Contents/Home/jre/lib/ext/sunpkcs11.jar:/Library/Java/JavaVirtualMachines/jdk1.8.0_101.jdk/Contents/Home/jre/lib/ext/zipfs.jar:/System/Library/Java/Extensions/MRJToolkit.jar
  Application Classpath   = /Users/kamir/Documents/github.workspace/ghc/git-modules/gephi-plugins/target/gephi-0.9.1/platform/lib/boot.jar:/Users/kamir/Documents/github.workspace/ghc/git-modules/gephi-plugins/target/gephi-0.9.1/platform/lib/org-openide-modules.jar:/Users/kamir/Documents/github.workspace/ghc/git-modules/gephi-plugins/target/gephi-0.9.1/platform/lib/org-openide-util-lookup.jar:/Users/kamir/Documents/github.workspace/ghc/git-modules/gephi-plugins/target/gephi-0.9.1/platform/lib/org-openide-util-ui.jar:/Users/kamir/Documents/github.workspace/ghc/git-modules/gephi-plugins/target/gephi-0.9.1/platform/lib/org-openide-util.jar:/Users/kamir/Documents/github.workspace/ghc/git-modules/gephi-plugins/target/gephi-0.9.1/platform/lib/locale/boot_ar_SA.jar:/Users/kamir/Documents/github.workspace/ghc/git-modules/gephi-plugins/target/gephi-0.9.1/platform/lib/locale/boot_bg.jar:/Users/kamir/Documents/github.workspace/ghc/git-modules/gephi-plugins/target/gephi-0.9.1/platform/lib/locale/boot_ca.jar:/Users/kamir/Documents/github.workspace/ghc/git-modules/gephi-plugins/target/gephi-0.9.1/platform/lib/locale/boot_cs.jar:/Users/kamir/Documents/github.workspace/ghc/git-modules/gephi-plugins/target/gephi-0.9.1/platform/lib/locale/boot_de.jar:/Users/kamir/Documents/github.workspace/ghc/git-modules/gephi-plugins/target/gephi-0.9.1/platform/lib/locale/boot_es.jar:/Users/kamir/Documents/github.workspace/ghc/git-modules/gephi-plugins/target/gephi-0.9.1/platform/lib/locale/boot_fr.jar:/Users/kamir/Documents/github.workspace/ghc/git-modules/gephi-plugins/target/gephi-0.9.1/platform/lib/locale/boot_gl_ES.jar:/Users/kamir/Documents/github.workspace/ghc/git-modules/gephi-plugins/target/gephi-0.9.1/platform/lib/locale/boot_in_ID.jar:/Users/kamir/Documents/github.workspace/ghc/git-modules/gephi-plugins/target/gephi-0.9.1/platform/lib/locale/boot_it.jar:/Users/kamir/Documents/github.workspace/ghc/git-modules/gephi-plugins/target/gephi-0.9.1/platform/lib/locale/boot_ja.jar:/Users/kamir/Documents/github.workspace/ghc/git-modules/gephi-plugins/target/gephi-0.9.1/platform/lib/locale/boot_ko.jar:/Users/kamir/Documents/github.workspace/ghc/git-modules/gephi-plugins/target/gephi-0.9.1/platform/lib/locale/boot_nl_NL.jar:/Users/kamir/Documents/github.workspace/ghc/git-modules/gephi-plugins/target/gephi-0.9.1/platform/lib/locale/boot_pl.jar:/Users/kamir/Documents/github.workspace/ghc/git-modules/gephi-plugins/target/gephi-0.9.1/platform/lib/locale/boot_pt_BR.jar:/Users/kamir/Documents/github.workspace/ghc/git-modules/gephi-plugins/target/gephi-0.9.1/platform/lib/locale/boot_pt_PT.jar:/Users/kamir/Documents/github.workspace/ghc/git-modules/gephi-plugins/target/gephi-0.9.1/platform/lib/locale/boot_ro.jar:/Users/kamir/Documents/github.workspace/ghc/git-modules/gephi-plugins/target/gephi-0.9.1/platform/lib/locale/boot_ru.jar:/Users/kamir/Documents/github.workspace/ghc/git-modules/gephi-plugins/target/gephi-0.9.1/platform/lib/locale/boot_si.jar:/Users/kamir/Documents/github.workspace/ghc/git-modules/gephi-plugins/target/gephi-0.9.1/platform/lib/locale/boot_sq.jar:/Users/kamir/Documents/github.workspace/ghc/git-modules/gephi-plugins/target/gephi-0.9.1/platform/lib/locale/boot_sv.jar:/Users/kamir/Documents/github.workspace/ghc/git-modules/gephi-plugins/target/gephi-0.9.1/platform/lib/locale/boot_tr.jar:/Users/kamir/Documents/github.workspace/ghc/git-modules/gephi-plugins/target/gephi-0.9.1/platform/lib/locale/boot_zh_CN.jar:/Users/kamir/Documents/github.workspace/ghc/git-modules/gephi-plugins/target/gephi-0.9.1/platform/lib/locale/boot_zh_TW.jar:/Users/kamir/Documents/github.workspace/ghc/git-modules/gephi-plugins/target/gephi-0.9.1/platform/lib/locale/org-openide-modules_ar_SA.jar:/Users/kamir/Documents/github.workspace/ghc/git-modules/gephi-plugins/target/gephi-0.9.1/platform/lib/locale/org-openide-modules_bg.jar:/Users/kamir/Documents/github.workspace/ghc/git-modules/gephi-plugins/target/gephi-0.9.1/platform/lib/locale/org-openide-modules_ca.jar:/Users/kamir/Documents/github.workspace/ghc/git-modules/gephi-plugins/target/gephi-0.9.1/platform/lib/locale/org-openide-modules_cs.jar:/Users/kamir/Documents/github.workspace/ghc/git-modules/gephi-plugins/target/gephi-0.9.1/platform/lib/locale/org-openide-modules_de.jar:/Users/kamir/Documents/github.workspace/ghc/git-modules/gephi-plugins/target/gephi-0.9.1/platform/lib/locale/org-openide-modules_es.jar:/Users/kamir/Documents/github.workspace/ghc/git-modules/gephi-plugins/target/gephi-0.9.1/platform/lib/locale/org-openide-modules_fr.jar:/Users/kamir/Documents/github.workspace/ghc/git-modules/gephi-plugins/target/gephi-0.9.1/platform/lib/locale/org-openide-modules_gl_ES.jar:/Users/kamir/Documents/github.workspace/ghc/git-modules/gephi-plugins/target/gephi-0.9.1/platform/lib/locale/org-openide-modules_in_ID.jar:/Users/kamir/Documents/github.workspace/ghc/git-modules/gephi-plugins/target/gephi-0.9.1/platform/lib/locale/org-openide-modules_it.jar:/Users/kamir/Documents/github.workspace/ghc/git-modules/gephi-plugins/target/gephi-0.9.1/platform/lib/locale/org-openide-modules_ja.jar:/Users/kamir/Documents/github.workspace/ghc/git-modules/gephi-plugins/target/gephi-0.9.1/platform/lib/locale/org-openide-modules_ko.jar:/Users/kamir/Documents/github.workspace/ghc/git-modules/gephi-plugins/target/gephi-0.9.1/platform/lib/locale/org-openide-modules_nl_NL.jar:/Users/kamir/Documents/github.workspace/ghc/git-modules/gephi-plugins/target/gephi-0.9.1/platform/lib/locale/org-openide-modules_pl.jar:/Users/kamir/Documents/github.workspace/ghc/git-modules/gephi-plugins/target/gephi-0.9.1/platform/lib/locale/org-openide-modules_pt_BR.jar:/Users/kamir/Documents/github.workspace/ghc/git-modules/gephi-plugins/target/gephi-0.9.1/platform/lib/locale/org-openide-modules_pt_PT.jar:/Users/kamir/Documents/github.workspace/ghc/git-modules/gephi-plugins/target/gephi-0.9.1/platform/lib/locale/org-openide-modules_ro.jar:/Users/kamir/Documents/github.workspace/ghc/git-modules/gephi-plugins/target/gephi-0.9.1/platform/lib/locale/org-openide-modules_ru.jar:/Users/kamir/Documents/github.workspace/ghc/git-modules/gephi-plugins/target/gephi-0.9.1/platform/lib/locale/org-openide-modules_si.jar:/Users/kamir/Documents/github.workspace/ghc/git-modules/gephi-plugins/target/gephi-0.9.1/platform/lib/locale/org-openide-modules_sq.jar:/Users/kamir/Documents/github.workspace/ghc/git-modules/gephi-plugins/target/gephi-0.9.1/platform/lib/locale/org-openide-modules_sv.jar:/Users/kamir/Documents/github.workspace/ghc/git-modules/gephi-plugins/target/gephi-0.9.1/platform/lib/locale/org-openide-modules_tr.jar:/Users/kamir/Documents/github.workspace/ghc/git-modules/gephi-plugins/target/gephi-0.9.1/platform/lib/locale/org-openide-modules_zh_CN.jar:/Users/kamir/Documents/github.workspace/ghc/git-modules/gephi-plugins/target/gephi-0.9.1/platform/lib/locale/org-openide-modules_zh_TW.jar:/Users/kamir/Documents/github.workspace/ghc/git-modules/gephi-plugins/target/gephi-0.9.1/platform/lib/locale/org-openide-util-lookup_bg.jar:/Users/kamir/Documents/github.workspace/ghc/git-modules/gephi-plugins/target/gephi-0.9.1/platform/lib/locale/org-openide-util-lookup_ca.jar:/Users/kamir/Documents/github.workspace/ghc/git-modules/gephi-plugins/target/gephi-0.9.1/platform/lib/locale/org-openide-util-lookup_cs.jar:/Users/kamir/Documents/github.workspace/ghc/git-modules/gephi-plugins/target/gephi-0.9.1/platform/lib/locale/org-openide-util-lookup_de.jar:/Users/kamir/Documents/github.workspace/ghc/git-modules/gephi-plugins/target/gephi-0.9.1/platform/lib/locale/org-openide-util-lookup_es.jar:/Users/kamir/Documents/github.workspace/ghc/git-modules/gephi-plugins/target/gephi-0.9.1/platform/lib/locale/org-openide-util-lookup_fr.jar:/Users/kamir/Documents/github.workspace/ghc/git-modules/gephi-plugins/target/gephi-0.9.1/platform/lib/locale/org-openide-util-lookup_gl_ES.jar:/Users/kamir/Documents/github.workspace/ghc/git-modules/gephi-plugins/target/gephi-0.9.1/platform/lib/locale/org-openide-util-lookup_in_ID.jar:/Users/kamir/Documents/github.workspace/ghc/git-modules/gephi-plugins/target/gephi-0.9.1/platform/lib/locale/org-openide-util-lookup_it.jar:/Users/kamir/Documents/github.workspace/ghc/git-modules/gephi-plugins/target/gephi-0.9.1/platform/lib/locale/org-openide-util-lookup_ja.jar:/Users/kamir/Documents/github.workspace/ghc/git-modules/gephi-plugins/target/gephi-0.9.1/platform/lib/locale/org-openide-util-lookup_ko.jar:/Users/kamir/Documents/github.workspace/ghc/git-modules/gephi-plugins/target/gephi-0.9.1/platform/lib/locale/org-openide-util-lookup_nl_NL.jar:/Users/kamir/Documents/github.workspace/ghc/git-modules/gephi-plugins/target/gephi-0.9.1/platform/lib/locale/org-openide-util-lookup_pl.jar:/Users/kamir/Documents/github.workspace/ghc/git-modules/gephi-plugins/target/gephi-0.9.1/platform/lib/locale/org-openide-util-lookup_pt_BR.jar:/Users/kamir/Documents/github.workspace/ghc/git-modules/gephi-plugins/target/gephi-0.9.1/platform/lib/locale/org-openide-util-lookup_ro.jar:/Users/kamir/Documents/github.workspace/ghc/git-modules/gephi-plugins/target/gephi-0.9.1/platform/lib/locale/org-openide-util-lookup_ru.jar:/Users/kamir/Documents/github.workspace/ghc/git-modules/gephi-plugins/target/gephi-0.9.1/platform/lib/locale/org-openide-util-lookup_si.jar:/Users/kamir/Documents/github.workspace/ghc/git-modules/gephi-plugins/target/gephi-0.9.1/platform/lib/locale/org-openide-util-lookup_sv.jar:/Users/kamir/Documents/github.workspace/ghc/git-modules/gephi-plugins/target/gephi-0.9.1/platform/lib/locale/org-openide-util-lookup_tr.jar:/Users/kamir/Documents/github.workspace/ghc/git-modules/gephi-plugins/target/gephi-0.9.1/platform/lib/locale/org-openide-util-lookup_zh_CN.jar:/Users/kamir/Documents/github.workspace/ghc/git-modules/gephi-plugins/target/gephi-0.9.1/platform/lib/locale/org-openide-util-ui_ja.jar:/Users/kamir/Documents/github.workspace/ghc/git-modules/gephi-plugins/target/gephi-0.9.1/platform/lib/locale/org-openide-util-ui_pt_BR.jar:/Users/kamir/Documents/github.workspace/ghc/git-modules/gephi-plugins/target/gephi-0.9.1/platform/lib/locale/org-openide-util-ui_ru.jar:/Users/kamir/Documents/github.workspace/ghc/git-modules/gephi-plugins/target/gephi-0.9.1/platform/lib/locale/org-openide-util-ui_zh_CN.jar:/Users/kamir/Documents/github.workspace/ghc/git-modules/gephi-plugins/target/gephi-0.9.1/platform/lib/locale/org-openide-util_ar_SA.jar:/Users/kamir/Documents/github.workspace/ghc/git-modules/gephi-plugins/target/gephi-0.9.1/platform/lib/locale/org-openide-util_bg.jar:/Users/kamir/Documents/github.workspace/ghc/git-modules/gephi-plugins/target/gephi-0.9.1/platform/lib/locale/org-openide-util_ca.jar:/Users/kamir/Documents/github.workspace/ghc/git-modules/gephi-plugins/target/gephi-0.9.1/platform/lib/locale/org-openide-util_cs.jar:/Users/kamir/Documents/github.workspace/ghc/git-modules/gephi-plugins/target/gephi-0.9.1/platform/lib/locale/org-openide-util_de.jar:/Users/kamir/Documents/github.workspace/ghc/git-modules/gephi-plugins/target/gephi-0.9.1/platform/lib/locale/org-openide-util_es.jar:/Users/kamir/Documents/github.workspace/ghc/git-modules/gephi-plugins/target/gephi-0.9.1/platform/lib/locale/org-openide-util_fr.jar:/Users/kamir/Documents/github.workspace/ghc/git-modules/gephi-plugins/target/gephi-0.9.1/platform/lib/locale/org-openide-util_gl_ES.jar:/Users/kamir/Documents/github.workspace/ghc/git-modules/gephi-plugins/target/gephi-0.9.1/platform/lib/locale/org-openide-util_in_ID.jar:/Users/kamir/Documents/github.workspace/ghc/git-modules/gephi-plugins/target/gephi-0.9.1/platform/lib/locale/org-openide-util_it.jar:/Users/kamir/Documents/github.workspace/ghc/git-modules/gephi-plugins/target/gephi-0.9.1/platform/lib/locale/org-openide-util_ja.jar:/Users/kamir/Documents/github.workspace/ghc/git-modules/gephi-plugins/target/gephi-0.9.1/platform/lib/locale/org-openide-util_ko.jar:/Users/kamir/Documents/github.workspace/ghc/git-modules/gephi-plugins/target/gephi-0.9.1/platform/lib/locale/org-openide-util_nl_NL.jar:/Users/kamir/Documents/github.workspace/ghc/git-modules/gephi-plugins/target/gephi-0.9.1/platform/lib/locale/org-openide-util_pl.jar:/Users/kamir/Documents/github.workspace/ghc/git-modules/gephi-plugins/target/gephi-0.9.1/platform/lib/locale/org-openide-util_pt_BR.jar:/Users/kamir/Documents/github.workspace/ghc/git-modules/gephi-plugins/target/gephi-0.9.1/platform/lib/locale/org-openide-util_pt_PT.jar:/Users/kamir/Documents/github.workspace/ghc/git-modules/gephi-plugins/target/gephi-0.9.1/platform/lib/locale/org-openide-util_ro.jar:/Users/kamir/Documents/github.workspace/ghc/git-modules/gephi-plugins/target/gephi-0.9.1/platform/lib/locale/org-openide-util_ru.jar:/Users/kamir/Documents/github.workspace/ghc/git-modules/gephi-plugins/target/gephi-0.9.1/platform/lib/locale/org-openide-util_si.jar:/Users/kamir/Documents/github.workspace/ghc/git-modules/gephi-plugins/target/gephi-0.9.1/platform/lib/locale/org-openide-util_sq.jar:/Users/kamir/Documents/github.workspace/ghc/git-modules/gephi-plugins/target/gephi-0.9.1/platform/lib/locale/org-openide-util_sv.jar:/Users/kamir/Documents/github.workspace/ghc/git-modules/gephi-plugins/target/gephi-0.9.1/platform/lib/locale/org-openide-util_tr.jar:/Users/kamir/Documents/github.workspace/ghc/git-modules/gephi-plugins/target/gephi-0.9.1/platform/lib/locale/org-openide-util_zh_CN.jar:/Users/kamir/Documents/github.workspace/ghc/git-modules/gephi-plugins/target/gephi-0.9.1/platform/lib/locale/org-openide-util_zh_TW.jar:/Library/Java/JavaVirtualMachines/jdk1.8.0_101.jdk/Contents/Home/lib/dt.jar:/Library/Java/JavaVirtualMachines/jdk1.8.0_101.jdk/Contents/Home/lib/tools.jar
  Startup Classpath       = /Users/kamir/Documents/github.workspace/ghc/git-modules/gephi-plugins/target/gephi-0.9.1/platform/core/asm-all-5.0.1.jar:/Users/kamir/Documents/github.workspace/ghc/git-modules/gephi-plugins/target/gephi-0.9.1/platform/core/core-base.jar:/Users/kamir/Documents/github.workspace/ghc/git-modules/gephi-plugins/target/gephi-0.9.1/platform/core/core.jar:/Users/kamir/Documents/github.workspace/ghc/git-modules/gephi-plugins/target/gephi-0.9.1/platform/core/org-netbeans-libs-asm.jar:/Users/kamir/Documents/github.workspace/ghc/git-modules/gephi-plugins/target/gephi-0.9.1/platform/core/org-openide-filesystems-compat8.jar:/Users/kamir/Documents/github.workspace/ghc/git-modules/gephi-plugins/target/gephi-0.9.1/platform/core/org-openide-filesystems.jar:/Users/kamir/Documents/github.workspace/ghc/git-modules/gephi-plugins/target/gephi-0.9.1/platform/core/locale/core-base_ja.jar:/Users/kamir/Documents/github.workspace/ghc/git-modules/gephi-plugins/target/gephi-0.9.1/platform/core/locale/core-base_pt_BR.jar:/Users/kamir/Documents/github.workspace/ghc/git-modules/gephi-plugins/target/gephi-0.9.1/platform/core/locale/core-base_ru.jar:/Users/kamir/Documents/github.workspace/ghc/git-modules/gephi-plugins/target/gephi-0.9.1/platform/core/locale/core-base_zh_CN.jar:/Users/kamir/Documents/github.workspace/ghc/git-modules/gephi-plugins/target/gephi-0.9.1/platform/core/locale/core_ar_SA.jar:/Users/kamir/Documents/github.workspace/ghc/git-modules/gephi-plugins/target/gephi-0.9.1/platform/core/locale/core_bg.jar:/Users/kamir/Documents/github.workspace/ghc/git-modules/gephi-plugins/target/gephi-0.9.1/platform/core/locale/core_ca.jar:/Users/kamir/Documents/github.workspace/ghc/git-modules/gephi-plugins/target/gephi-0.9.1/platform/core/locale/core_cs.jar:/Users/kamir/Documents/github.workspace/ghc/git-modules/gephi-plugins/target/gephi-0.9.1/platform/core/locale/core_de.jar:/Users/kamir/Documents/github.workspace/ghc/git-modules/gephi-plugins/target/gephi-0.9.1/platform/core/locale/core_es.jar:/Users/kamir/Documents/github.workspace/ghc/git-modules/gephi-plugins/target/gephi-0.9.1/platform/core/locale/core_fr.jar:/Users/kamir/Documents/github.workspace/ghc/git-modules/gephi-plugins/target/gephi-0.9.1/platform/core/locale/core_gl_ES.jar:/Users/kamir/Documents/github.workspace/ghc/git-modules/gephi-plugins/target/gephi-0.9.1/platform/core/locale/core_in_ID.jar:/Users/kamir/Documents/github.workspace/ghc/git-modules/gephi-plugins/target/gephi-0.9.1/platform/core/locale/core_it.jar:/Users/kamir/Documents/github.workspace/ghc/git-modules/gephi-plugins/target/gephi-0.9.1/platform/core/locale/core_ja.jar:/Users/kamir/Documents/github.workspace/ghc/git-modules/gephi-plugins/target/gephi-0.9.1/platform/core/locale/core_ko.jar:/Users/kamir/Documents/github.workspace/ghc/git-modules/gephi-plugins/target/gephi-0.9.1/platform/core/locale/core_nl_NL.jar:/Users/kamir/Documents/github.workspace/ghc/git-modules/gephi-plugins/target/gephi-0.9.1/platform/core/locale/core_pl.jar:/Users/kamir/Documents/github.workspace/ghc/git-modules/gephi-plugins/target/gephi-0.9.1/platform/core/locale/core_pt_BR.jar:/Users/kamir/Documents/github.workspace/ghc/git-modules/gephi-plugins/target/gephi-0.9.1/platform/core/locale/core_pt_PT.jar:/Users/kamir/Documents/github.workspace/ghc/git-modules/gephi-plugins/target/gephi-0.9.1/platform/core/locale/core_ro.jar:/Users/kamir/Documents/github.workspace/ghc/git-modules/gephi-plugins/target/gephi-0.9.1/platform/core/locale/core_ru.jar:/Users/kamir/Documents/github.workspace/ghc/git-modules/gephi-plugins/target/gephi-0.9.1/platform/core/locale/core_si.jar:/Users/kamir/Documents/github.workspace/ghc/git-modules/gephi-plugins/target/gephi-0.9.1/platform/core/locale/core_sq.jar:/Users/kamir/Documents/github.workspace/ghc/git-modules/gephi-plugins/target/gephi-0.9.1/platform/core/locale/core_sv.jar:/Users/kamir/Documents/github.workspace/ghc/git-modules/gephi-plugins/target/gephi-0.9.1/platform/core/locale/core_tr.jar:/Users/kamir/Documents/github.workspace/ghc/git-modules/gephi-plugins/target/gephi-0.9.1/platform/core/locale/core_zh_CN.jar:/Users/kamir/Documents/github.workspace/ghc/git-modules/gephi-plugins/target/gephi-0.9.1/platform/core/locale/core_zh_TW.jar:/Users/kamir/Documents/github.workspace/ghc/git-modules/gephi-plugins/target/gephi-0.9.1/platform/core/locale/org-netbeans-libs-asm_ja.jar:/Users/kamir/Documents/github.workspace/ghc/git-modules/gephi-plugins/target/gephi-0.9.1/platform/core/locale/org-netbeans-libs-asm_pt_BR.jar:/Users/kamir/Documents/github.workspace/ghc/git-modules/gephi-plugins/target/gephi-0.9.1/platform/core/locale/org-netbeans-libs-asm_ru.jar:/Users/kamir/Documents/github.workspace/ghc/git-modules/gephi-plugins/target/gephi-0.9.1/platform/core/locale/org-netbeans-libs-asm_zh_CN.jar:/Users/kamir/Documents/github.workspace/ghc/git-modules/gephi-plugins/target/gephi-0.9.1/platform/core/locale/org-openide-filesystems-compat8_ja.jar:/Users/kamir/Documents/github.workspace/ghc/git-modules/gephi-plugins/target/gephi-0.9.1/platform/core/locale/org-openide-filesystems-compat8_pt_BR.jar:/Users/kamir/Documents/github.workspace/ghc/git-modules/gephi-plugins/target/gephi-0.9.1/platform/core/locale/org-openide-filesystems-compat8_ru.jar:/Users/kamir/Documents/github.workspace/ghc/git-modules/gephi-plugins/target/gephi-0.9.1/platform/core/locale/org-openide-filesystems-compat8_zh_CN.jar:/Users/kamir/Documents/github.workspace/ghc/git-modules/gephi-plugins/target/gephi-0.9.1/platform/core/locale/org-openide-filesystems_ar_SA.jar:/Users/kamir/Documents/github.workspace/ghc/git-modules/gephi-plugins/target/gephi-0.9.1/platform/core/locale/org-openide-filesystems_bg.jar:/Users/kamir/Documents/github.workspace/ghc/git-modules/gephi-plugins/target/gephi-0.9.1/platform/core/locale/org-openide-filesystems_ca.jar:/Users/kamir/Documents/github.workspace/ghc/git-modules/gephi-plugins/target/gephi-0.9.1/platform/core/locale/org-openide-filesystems_cs.jar:/Users/kamir/Documents/github.workspace/ghc/git-modules/gephi-plugins/target/gephi-0.9.1/platform/core/locale/org-openide-filesystems_de.jar:/Users/kamir/Documents/github.workspace/ghc/git-modules/gephi-plugins/target/gephi-0.9.1/platform/core/locale/org-openide-filesystems_es.jar:/Users/kamir/Documents/github.workspace/ghc/git-modules/gephi-plugins/target/gephi-0.9.1/platform/core/locale/org-openide-filesystems_fr.jar:/Users/kamir/Documents/github.workspace/ghc/git-modules/gephi-plugins/target/gephi-0.9.1/platform/core/locale/org-openide-filesystems_gl_ES.jar:/Users/kamir/Documents/github.workspace/ghc/git-modules/gephi-plugins/target/gephi-0.9.1/platform/core/locale/org-openide-filesystems_in_ID.jar:/Users/kamir/Documents/github.workspace/ghc/git-modules/gephi-plugins/target/gephi-0.9.1/platform/core/locale/org-openide-filesystems_it.jar:/Users/kamir/Documents/github.workspace/ghc/git-modules/gephi-plugins/target/gephi-0.9.1/platform/core/locale/org-openide-filesystems_ja.jar:/Users/kamir/Documents/github.workspace/ghc/git-modules/gephi-plugins/target/gephi-0.9.1/platform/core/locale/org-openide-filesystems_ko.jar:/Users/kamir/Documents/github.workspace/ghc/git-modules/gephi-plugins/target/gephi-0.9.1/platform/core/locale/org-openide-filesystems_nl_NL.jar:/Users/kamir/Documents/github.workspace/ghc/git-modules/gephi-plugins/target/gephi-0.9.1/platform/core/locale/org-openide-filesystems_pl.jar:/Users/kamir/Documents/github.workspace/ghc/git-modules/gephi-plugins/target/gephi-0.9.1/platform/core/locale/org-openide-filesystems_pt_BR.jar:/Users/kamir/Documents/github.workspace/ghc/git-modules/gephi-plugins/target/gephi-0.9.1/platform/core/locale/org-openide-filesystems_pt_PT.jar:/Users/kamir/Documents/github.workspace/ghc/git-modules/gephi-plugins/target/gephi-0.9.1/platform/core/locale/org-openide-filesystems_ro.jar:/Users/kamir/Documents/github.workspace/ghc/git-modules/gephi-plugins/target/gephi-0.9.1/platform/core/locale/org-openide-filesystems_ru.jar:/Users/kamir/Documents/github.workspace/ghc/git-modules/gephi-plugins/target/gephi-0.9.1/platform/core/locale/org-openide-filesystems_si.jar:/Users/kamir/Documents/github.workspace/ghc/git-modules/gephi-plugins/target/gephi-0.9.1/platform/core/locale/org-openide-filesystems_sq.jar:/Users/kamir/Documents/github.workspace/ghc/git-modules/gephi-plugins/target/gephi-0.9.1/platform/core/locale/org-openide-filesystems_sv.jar:/Users/kamir/Documents/github.workspace/ghc/git-modules/gephi-plugins/target/gephi-0.9.1/platform/core/locale/org-openide-filesystems_tr.jar:/Users/kamir/Documents/github.workspace/ghc/git-modules/gephi-plugins/target/gephi-0.9.1/platform/core/locale/org-openide-filesystems_zh_CN.jar:/Users/kamir/Documents/github.workspace/ghc/git-modules/gephi-plugins/target/gephi-0.9.1/platform/core/locale/org-openide-filesystems_zh_TW.jar:/Users/kamir/Documents/github.workspace/ghc/git-modules/gephi-plugins/target/gephi-0.9.1/gephi/core/locale/core_gephi.jar
-------------------------------------------------------------------------------
WARNING [org.netbeans.modules.autoupdate.ui.actions.AutoupdateSettings]: The property "netbeans.default_userdir_root" was not set!
WARNING [null]: Last record repeated again.
INFO [org.netbeans.core.startup.NbEvents]: Module werden aktiviert:
	org.openide.util.lookup [8.32.1 201510222201]
	org.openide.util [9.5.1 201510222201]
	org.openide.util.ui [9.4.1 201510222201]
	org.openide.modules [7.47.1 201510222201]
	org.netbeans.api.annotations.common/1 [1.26.1 201510222201]
	org.openide.filesystems [9.8.1 201510222201]
	org.openide.awt [7.65.1 201510222201]
	org.netbeans.api.progress/1 [1.46.1 201510222201]
	org.netbeans.api.progress.nb [1.46.1 201510222201]
	org.openide.dialogs [7.41.1 201510222201]
	org.openide.nodes [7.42.1 201510222201]
	org.openide.windows [6.74.1 201510222201]
	org.netbeans.modules.editor.mimelookup/1 [1.39.1 201510222201]
	org.openide.text [6.66.1 201510222201]
	org.netbeans.swing.tabcontrol [1.54.1 201510222201]
	org.netbeans.swing.outline [1.32.1 201510222201]
	org.openide.explorer [6.61.1 201510222201]
	org.openide.actions [6.38.1 201510222201]
	org.netbeans.modules.queries/1 [1.42.1 201510222201]
	org.netbeans.api.templates [1.6.1 201510222201]
	org.openide.filesystems.nb [9.7.1 201510222201]
	org.openide.loaders [7.63.1 201510222201]
	org.netbeans.api.intent [1.1.1 201510222201]
	org.netbeans.api.io [1.2.1 201510222201]
	org.openide.io [1.48.1 201510222201]
	org.openide.filesystems.compat8 [9.7.1 201510222201]
	org.netbeans.swing.plaf [1.40.1 201510222201]
	org.netbeans.spi.quicksearch [1.26.1 201510222201]
	org.netbeans.modules.templates/1 [1.6.1 201510222201]
	org.netbeans.libs.asm [5.2.1 201510222201]
	org.netbeans.bootstrap/1 [2.74.1 201510222201]
	org.netbeans.core.startup.base [1.61.1.1 1 201510222201]
	org.netbeans.core.startup/1 [1.61.1.1 201510222201]
	org.netbeans.modules.settings/1 [1.48.1 201510222201]
	org.netbeans.modules.sendopts/2 [2.34.1 201510222201]
	org.netbeans.modules.sampler [1.13.1 201510222201]
	org.netbeans.modules.progress.ui [1.32.1 201510222201]
	org.netbeans.modules.keyring [1.23.1 201510222201]
	org.netbeans.core/2 [3.49.1 201510222201]
	org.netbeans.modules.options.api/1 [1.44.1 201510222201]
	org.netbeans.modules.options.keymap [1.36.1 201510222201]
	org.netbeans.modules.masterfs/2 [2.54.1.2 2 201510222201]
	org.netbeans.modules.masterfs.ui [2.2.1.2 201510222201]
	org.netbeans.modules.masterfs.nio2 [1.14.1 201510222201]
	org.netbeans.libs.jna/1 [1.41.1 201510222201]
	org.netbeans.modules.masterfs.macosx [1.12.1 201510222201]
	org.netbeans.modules.keyring.fallback [1.7.1 201510222201]
	org.netbeans.modules.keyring.impl [1.23.1 201510222201]
	org.netbeans.modules.autoupdate.services [1.51.1 201510222201]
	org.netbeans.modules.autoupdate.ui [1.44.1 201510222201]
	org.netbeans.modules.autoupdate.cli [1.12.1 201510222201]
	org.netbeans.core.windows/2 [2.80.1 201510222201]
	org.netbeans.modules.applemenu/1 [1.36.1 201510222201]
	org.netbeans.libs.jna.platform/1 [1.10.1 201510222201]
	org.netbeans.core.ui/1 [1.44.1 201510222201]
	org.netbeans.core.output2/1 [1.40.1 201510222201]
	org.netbeans.core.network [1.9.1 201510222201]
	org.netbeans.core.nativeaccess/1 [1.30.1 201510222201]
	org.netbeans.core.multitabs/1 [1.11.1.1 1 201510222201]
	org.netbeans.core.io.ui/1 [1.29.1 201510222201]
	org.gephi.core.library.wrapper [0.9.1 0.9.1 201602141952]
	org.gephi.ui.library.wrapper [0.9.1 0.9.1 201602141953]
	org.gephi.utils [0.9.1 0.9.1 201602141952]
	org.gephi.lib.validation [0.9.1 0.9.1 201602141953]
	org.gephi.utils.longtask [0.9.1 0.9.1 201602141952]
	org.gephi.project.api [0.9.1 0.9.1 201602141952]
	org.gephi.graph.api [0.9.1 0.9.1 201602141952]
	org.gephi.ui.utils [0.9.1 0.9.1 201602141955]
	org.gephi.ui.components [0.9.1 0.9.1 201602141955]
	org.gephi.db.drivers [0.9.1 0.9.1 201602141954]
	org.gephi.io.importer.api [0.9.1 0.9.1 201602141954]
	org.gephi.mostrecentfiles.api [0.9.1 0.9.1 201602141957]
	org.gephi.desktop.project [0.9.1 0.9.1 201602141957]
	org.gephi.welcome.screen [0.9.1 0.9.1 201602141958]
	org.gephi.datalab.api [0.9.1 0.9.1 201602141953]
	org.gephi.visualization.api [0.9.1 0.9.1 201602141954]
	org.gephi.tools.api [0.9.1 0.9.1 201602141957]
	org.gephi.gleem [0.9.1 0.9.1 201602141957]
	org.gephi.visualization [0.9.1 0.9.1 201602141958]
	org.gephi.ui.propertyeditor [0.9.1 0.9.1 201602142000]
	org.gephi.algorithms.plugin [0.9.1 0.9.1 201602141957]
	org.gephi.tools.plugin [0.9.1 0.9.1 201602141958]
	org.gephi.statistics.api [0.9.1 0.9.1 201602141955]
	org.gephi.statistics.plugin [0.9.1 0.9.1 201602141956]
	org.gephi.filters.api [0.9.1 0.9.1 201602141956]
	org.gephi.appearance.api [0.9.1 0.9.1 201602141956]
	org.gephi.filters.plugin [0.9.1 0.9.1 201602141957]
	org.gephi.timeline.api [0.9.1 0.9.1 201602141957]
	org.gephi.statistics.plugin.ui [0.9.1 0.9.1 201602141956]
	org.gephi.settings.upgrader [0.9.1 0.9.1 201602141955]
	org.gephi.project.ui [0.9.1 0.9.1 201602141955]
	org.gephi.io.processor.plugin [0.9.1 0.9.1 201602141954]
	org.gephi.processor.plugin.ui [0.9.1 0.9.1 201602141955]
	org.gephi.preview.api [0.9.1 0.9.1 201602141953]
	org.gephi.preview.plugin [0.9.1 0.9.1 201602141954]
	org.gephi.io.exporter.api [0.9.1 0.9.1 201602141952]
	org.gephi.io.exporter.preview [0.9.1 0.9.1 201602141953]
	org.gephi.preview.export.ui [0.9.1 0.9.1 201602141953]
	org.gephi.perspective.api [0.9.1 0.9.1 201602142002]
	org.gephi.layout.api [0.9.1 0.9.1 201602141959]
	org.gephi.layout.plugin [0.9.1 0.9.1 201602142000]
	org.gephi.io.importer.plugin [0.9.1 0.9.1 201602142002]
	org.gephi.io.generator.api [0.9.1 0.9.1 201602141959]
	org.gephi.io.generator.plugin [0.9.1 0.9.1 201602141959]
	org.gephi.io.exporter.plugin [0.9.1 0.9.1 201602142000]
	org.gephi.import.plugin.ui [0.9.1 0.9.1 201602142003]
	org.gephi.gephi.branding [0.9.1 0.9.1 201602141952]
	org.gephi.generator.plugin.ui [0.9.1 0.9.1 201602141959]
	org.gephi.desktop.banner [0.9.1 0.9.1 201602142003]
	org.gephi.filters.plugin.ui [0.9.1 0.9.1 201602142003]
	org.gephi.filters.impl [0.9.1 0.9.1 201602142002]
	org.gephi.export.plugin.ui [0.9.1 0.9.1 201602142002]
	org.gephi.directory.chooser [0.9.1 0.9.1 201602142005]
	org.gephi.desktop.tools [0.9.1 0.9.1 201602142004]
	org.gephi.desktop.timeline [0.9.1 0.9.1 201602142005]
	org.gephi.desktop.statistics [0.9.1 0.9.1 201602142000]
	org.gephi.desktop.recent.files [0.9.1 0.9.1 201602142002]
	org.gephi.desktop.progress [0.9.1 0.9.1 201602141959]
	org.gephi.desktop.io.export [0.9.1 0.9.1 201602142002]
	org.gephi.desktop.preview [0.9.1 0.9.1 201602142004]
	org.gephi.desktop.layout [0.9.1 0.9.1 201602142004]
	org.gephi.desktop.import [0.9.1 0.9.1 201602142004]
	org.gephi.desktop.generate [0.9.1 0.9.1 201602142000]
	org.gephi.desktop.filters [0.9.1 0.9.1 201602142005]
	org.gephi.desktop.datalab [0.9.1 0.9.1 201602142001]
	org.gephi.desktop.context [0.9.1 0.9.1 201602141958]
	org.gephi.desktop.branding [0.9.1 0.9.1 201602141959]
	org.gephi.appearance.plugin [0.9.1 0.9.1 201602142001]
	org.gephi.appearance.plugin.ui [0.9.1 0.9.1 201602142001]
	org.gephi.desktop.appearance [0.9.1 0.9.1 201602142001]
	org.gephi.datalab.plugin [0.9.1 0.9.1 201602142003]
	org.etosha.g2h [1.0.0 1.0.0 201609221545]
	nl.cloudfarming.client.lib.platform.l10n [1.1 1.1-NB80 201411231331]
INFO [org.netbeans.core.network.proxy.NetworkProxyReloader]: System network proxy resolver: Mac
INFO [org.netbeans.core.network.proxy.NetworkProxyReloader]: System network proxy reloading failed! Trying fallback resolver.
INFO [org.netbeans.core.network.proxy.fallback.FallbackNetworkProxy]: Fallback system proxy resolver: no http_proxy variable found
INFO [org.netbeans.core.network.proxy.NetworkProxyReloader]: System network proxy reloading succeeded. Fallback provider was successful.
INFO [org.netbeans.core.network.proxy.NetworkProxyReloader]: System network proxy - mode: direct
INFO [org.netbeans.core.network.proxy.NetworkProxyReloader]: System network proxy: fell to default (correct if direct mode went before)
INFO [org.netbeans.ui.metrics.laf]: USG_LOOK_AND_FEEL
WARNING [org.netbeans.TopSecurityManager]: use of system property netbeans.user has been obsoleted in favor of InstalledFileLocator/Places at org.gephi.ui.upgrader.Upgrader.getCurrentVersion(Upgrader.java:123)
INFO: Current Version is target
Diagnostic information
Input arguments:
	-Djdk.home=/Library/Java/JavaVirtualMachines/jdk1.8.0_101.jdk/Contents/Home
	-Dnetbeans.dirs=/Users/kamir/Documents/github.workspace/ghc/git-modules/gephi-plugins/target/gephi-0.9.1/platform:/Users/kamir/Documents/github.workspace/ghc/git-modules/gephi-plugins/target/gephi-0.9.1/gephi::/Users/kamir/Documents/github.workspace/ghc/git-modules/gephi-plugins/target/plugins_clusters/plugins
	-Dnetbeans.home=/Users/kamir/Documents/github.workspace/ghc/git-modules/gephi-plugins/target/gephi-0.9.1/platform
	-Dcom.apple.mrj.application.apple.menu.about.name=gephi
	-Xms64m
	-Xmx512m
	-Xverify:none
	-Dsun.java2d.noddraw=true
	-Dsun.awt.noerasebackground=true
	-Dnetbeans.indexing.noFileRefresh=true
	-Dplugin.manager.check.interval=EVERY_DAY
	-Dnetbeans.logger.console=true
	-ea
	-XX:+HeapDumpOnOutOfMemoryError
	-XX:HeapDumpPath=/Users/kamir/Documents/github.workspace/ghc/git-modules/gephi-plugins/target/userdir/var/log/heapdump.hprof
Compiler: HotSpot 64-Bit Tiered Compilers
Heap memory usage: initial 64,0MB maximum 455,5MB
Non heap memory usage: initial 2,4MB maximum -1b
Garbage collector: PS Scavenge (Collections=9 Total time spent=0s)
Garbage collector: PS MarkSweep (Collections=2 Total time spent=0s)
Classes: loaded=7330 total loaded=7330 unloaded 0
INFO [org.netbeans.core.ui.warmup.DiagnosticTask]: Total memory 34.359.738.368
INFO [null]: Gesamter physischer Speicher 34.359.738.368
INFO: GL_VENDOR: NVIDIA Corporation
INFO: GL_RENDERER: NVIDIA GeForce GTX 675MX OpenGL Engine
INFO: GL_VERSION: 2.1 NVIDIA-10.10.13 310.42.25f01
INFO: GL_SURFACE_SCALE: 1
WARNING [org.openide.filesystems.Ordering]: Found same position 100 for both Menu/File/org-etosha-HadoopImporterToolAction.shadow and Menu/File/org-gephi-branding-desktop-actions-NewProject.instance
WARNING [org.openide.filesystems.Ordering]: Not all children in Menu/Window/ marked with the position attribute: [app-TimedependentMultiLayerNetworkManager.shadow], but some are: [org-gephi-desktop-clustering-ContextTopComponent.shadow, org-gephi-desktop-datalab-DataTableTopComponent.shadow, org-gephi-desktop-filters-FiltersTopComponent.shadow, org-gephi-visualization-component-GraphTopComponent.shadow, org-gephi-desktop-layout-LayoutTopComponent.shadow, org-netbeans-core-io-ui-IOWindowAction.shadow, org-gephi-desktop-preview-PreviewTopComponent.shadow, org-gephi-desktop-preview-PreviewSettingsTopComponent.shadow, org-gephi-desktop-appearance-AppearanceTopComponent.shadow, org-gephi-desktop-welcome-WelcomeAction.shadow, org-gephi-desktop-statistics-StatisticsTopComponent.shadow, org-gephi-desktop-timeline-TimelineWindowAction.shadow, Separator4_1.instance, Separator3.instance, ConfigureWindow, org-netbeans-core-windows-actions-ResetWindowsAction.shadow, Separator4.instance, CloseWindowAction.shadow, GroupsMenuAction.shadow]
WARNING [org.netbeans.modules.autoupdate.updateproviders.AutoupdateCatalogFactory]: Services/AutoupdateType/org_gephi_branding_update_center.instance: url_key attribute deprecated in favor of url
WARNING [org.netbeans.modules.autoupdate.updateproviders.AutoupdateCatalogFactory]: Services/AutoupdateType/org_gephi_branding_update_center_1.instance: url_key attribute deprecated in favor of url
WARNING [org.netbeans.modules.autoupdate.updateproviders.AutoupdateCatalogFactory]: Services/AutoupdateType/org_gephi_branding_update_center.instance: url_key attribute deprecated in favor of url
WARNING [org.netbeans.modules.autoupdate.updateproviders.AutoupdateCatalogFactory]: Services/AutoupdateType/org_gephi_branding_update_center_1.instance: url_key attribute deprecated in favor of url
INFO [DefaultProcessor]: # Nodes loaded: 0
INFO [DefaultProcessor]: # Edges loaded: 0
INFO [org.netbeans.core.ui.focus]: External Changes Refresh on focus gain disabled
